Performing C SOURCE FILE Test CMAKE_HAVE_LIBC_PTHREAD failed with the following output:
Change Dir: /home/bhaeyan/Resources_sem4/Graphic/Assignment/Graphic_Assignment_0/CMakeFiles/CMakeTmp

Run Build Command(s):/usr/bin/gmake cmTC_1d48a/fast && /usr/bin/gmake  -f CMakeFiles/cmTC_1d48a.dir/build.make CMakeFiles/cmTC_1d48a.dir/build
gmake[1]: Entering directory '/home/bhaeyan/Resources_sem4/Graphic/Assignment/Graphic_Assignment_0/CMakeFiles/CMakeTmp'
Building C object CMakeFiles/cmTC_1d48a.dir/src.c.o
/usr/bin/cc   -DCMAKE_HAVE_LIBC_PTHREAD -o CMakeFiles/cmTC_1d48a.dir/src.c.o -c /home/bhaeyan/Resources_sem4/Graphic/Assignment/Graphic_Assignment_0/CMakeFiles/CMakeTmp/src.c
Linking C executable cmTC_1d48a
/usr/bin/cmake -E cmake_link_script CMakeFiles/cmTC_1d48a.dir/link.txt --verbose=1
/usr/bin/cc  -DCMAKE_HAVE_LIBC_PTHREAD CMakeFiles/cmTC_1d48a.dir/src.c.o -o cmTC_1d48a 
/usr/bin/ld: CMakeFiles/cmTC_1d48a.dir/src.c.o: in function `main':
src.c:(.text+0x2f): undefined reference to `pthread_create'
/usr/bin/ld: src.c:(.text+0x3b): undefined reference to `pthread_detach'
/usr/bin/ld: src.c:(.text+0x47): undefined reference to `pthread_cancel'
/usr/bin/ld: src.c:(.text+0x58): undefined reference to `pthread_join'
collect2: error: ld returned 1 exit status
gmake[1]: *** [CMakeFiles/cmTC_1d48a.dir/build.make:106: cmTC_1d48a] Error 1
gmake[1]: Leaving directory '/home/bhaeyan/Resources_sem4/Graphic/Assignment/Graphic_Assignment_0/CMakeFiles/CMakeTmp'
gmake: *** [Makefile:140: cmTC_1d48a/fast] Error 2


Source file was:
#include <pthread.h>

void* test_func(void* data)
{
  return data;
}

int main(void)
{
  pthread_t thread;
  pthread_create(&thread, NULL, test_func, NULL);
  pthread_detach(thread);
  pthread_cancel(thread);
  pthread_join(thread, NULL);
  pthread_atfork(NULL, NULL, NULL);
  pthread_exit(NULL);

  return 0;
}

Determining if the function pthread_create exists in the pthreads failed with the following output:
Change Dir: /home/bhaeyan/Resources_sem4/Graphic/Assignment/Graphic_Assignment_0/CMakeFiles/CMakeTmp

Run Build Command(s):/usr/bin/gmake cmTC_648d8/fast && /usr/bin/gmake  -f CMakeFiles/cmTC_648d8.dir/build.make CMakeFiles/cmTC_648d8.dir/build
gmake[1]: Entering directory '/home/bhaeyan/Resources_sem4/Graphic/Assignment/Graphic_Assignment_0/CMakeFiles/CMakeTmp'
Building C object CMakeFiles/cmTC_648d8.dir/CheckFunctionExists.c.o
/usr/bin/cc   -DCHECK_FUNCTION_EXISTS=pthread_create -o CMakeFiles/cmTC_648d8.dir/CheckFunctionExists.c.o -c /usr/share/cmake-3.18/Modules/CheckFunctionExists.c
Linking C executable cmTC_648d8
/usr/bin/cmake -E cmake_link_script CMakeFiles/cmTC_648d8.dir/link.txt --verbose=1
/usr/bin/cc  -DCHECK_FUNCTION_EXISTS=pthread_create CMakeFiles/cmTC_648d8.dir/CheckFunctionExists.c.o -o cmTC_648d8  -lpthreads 
/usr/bin/ld: cannot find -lpthreads
collect2: error: ld returned 1 exit status
gmake[1]: *** [CMakeFiles/cmTC_648d8.dir/build.make:106: cmTC_648d8] Error 1
gmake[1]: Leaving directory '/home/bhaeyan/Resources_sem4/Graphic/Assignment/Graphic_Assignment_0/CMakeFiles/CMakeTmp'
gmake: *** [Makefile:140: cmTC_648d8/fast] Error 2



